plugins/plugin-native-location/android/build/intermediates/manifest_merge_blame_file/debug/processDebugManifest/manifest-merger-blame-debug-report.txt
1<?xml version="1.0" encoding="utf-8"?>
2<manifest xmlns:android="http://schemas.android.com/apk/res/android"
3    package="ai.eliza.plugins.location" >
4
5    <uses-sdk android:minSdkVersion="26" />
5-->INJECTED
5-->INJECTED
6
7    <uses-permission android:name="android.permission.ACCESS_FINE_LOCATION" />
7-->src/main/AndroidManifest.xml:3:5-79
7-->src/main/AndroidManifest.xml:3:22-76
8    <uses-permission android:name="android.permission.ACCESS_COARSE_LOCATION" />
8-->src/main/AndroidManifest.xml:4:5-81
8-->src/main/AndroidManifest.xml:4:22-78
9
10</manifest>